<?xml version="1.0" encoding="UTF-8"?>
<testng-results skipped="0" failed="0" ignored="0" total="2" passed="2">
  <reporter-output>
  </reporter-output>
  <suite name="Default suite" duration-ms="39918" started-at="2019-12-19T10:00:50 EST" finished-at="2019-12-19T10:01:30 EST">
    <groups>
    </groups>
    <test name="Default test" duration-ms="39918" started-at="2019-12-19T10:00:50 EST" finished-at="2019-12-19T10:01:30 EST">
      <class name="com.edureka.test.Login_test">
        <test-method status="PASS" signature="openBrowser()[pri:0, instance:com.edureka.test.Login_test@3a883ce7]" name="openBrowser" is-config="true" duration-ms="14047" started-at="2019-12-19T10:00:50 EST" finished-at="2019-12-19T10:01:04 EST">
          <reporter-output>
          </reporter-output>
        </test-method> <!-- openBrowser -->
        <test-method status="PASS" signature="Login()[pri:0, instance:com.edureka.test.Login_test@3a883ce7]" name="Login" duration-ms="24874" started-at="2019-12-19T10:01:04 EST" finished-at="2019-12-19T10:01:29 EST">
          <reporter-output>
          </reporter-output>
        </test-method> <!-- Login -->
        <test-method status="PASS" signature="writeExcel()[pri:0, instance:com.edureka.test.Login_test@3a883ce7]" name="writeExcel" duration-ms="219" started-at="2019-12-19T10:01:29 EST" finished-at="2019-12-19T10:01:29 EST">
          <reporter-output>
          </reporter-output>
        </test-method> <!-- writeExcel -->
        <test-method status="PASS" signature="shutDown()[pri:0, instance:com.edureka.test.Login_test@3a883ce7]" name="shutDown" is-config="true" duration-ms="735" started-at="2019-12-19T10:01:29 EST" finished-at="2019-12-19T10:01:30 EST">
          <reporter-output>
          </reporter-output>
        </test-method> <!-- shutDown -->
      </class> <!-- com.edureka.test.Login_test -->
    </test> <!-- Default test -->
  </suite> <!-- Default suite -->
</testng-results>
